2019-05-21T17:25:27.504216Z 0 [Warning] TIMESTAMP with implicit DEFAULT value is deprecated. Please use --explicit_defaults_for_timestamp server option (see documentation for more details).
2019-05-21T17:25:27.505047Z 0 [Note] /usr/sbin/mysqld (mysqld 5.7.23) starting as process 31 ...
2019-05-21T17:25:27.516258Z 0 [Note] InnoDB: PUNCH HOLE support available
2019-05-21T17:25:27.516291Z 0 [Note] InnoDB: Mutexes and rw_locks use GCC atomic builtins
2019-05-21T17:25:27.516296Z 0 [Note] InnoDB: Uses event mutexes
2019-05-21T17:25:27.516301Z 0 [Note] InnoDB: GCC builtin __atomic_thread_fence() is used for memory barrier
2019-05-21T17:25:27.516306Z 0 [Note] InnoDB: Compressed tables use zlib 1.2.3
2019-05-21T17:25:27.516311Z 0 [Note] InnoDB: Using Linux native AIO
2019-05-21T17:25:27.516668Z 0 [Note] InnoDB: Number of pools: 1
2019-05-21T17:25:27.516791Z 0 [Note] InnoDB: Using CPU crc32 instructions
2019-05-21T17:25:27.518943Z 0 [Note] InnoDB: Initializing buffer pool, total size = 32M, instances = 1, chunk size = 32M
2019-05-21T17:25:27.543878Z 0 [Note] InnoDB: Completed initialization of buffer pool
2019-05-21T17:25:27.552220Z 0 [Note] InnoDB: If the mysqld execution user is authorized, page cleaner thread priority can be changed. See the man page of setpriority().
2019-05-21T17:25:27.564253Z 0 [Note] InnoDB: Highest supported file format is Barracuda.
2019-05-21T17:25:27.565596Z 0 [Note] InnoDB: Log scan progressed past the checkpoint lsn 2588963
2019-05-21T17:25:27.565627Z 0 [Note] InnoDB: Doing recovery: scanned up to log sequence number 2591784
2019-05-21T17:25:27.567637Z 0 [Note] InnoDB: Database was not shutdown normally!
2019-05-21T17:25:27.567662Z 0 [Note] InnoDB: Starting crash recovery.
2019-05-21T17:25:28.038851Z 0 [Note] InnoDB: Starting an apply batch of log records to the database...
InnoDB: Progress in percent: 27 28 29 30 31 32 33 34 35 36 37 38 39 40 41 42 43 44 45 46 47 48 49 50 51 52 53 54 55 56 57 58 59 60 61 62 63 64 65 66 67 68 69 70 71 72 73 74 75 76 77 78 79 80 81 82 83 84 85 86 87 88 89 90 91 92 93 94 95 96 97 98 99 
2019-05-21T17:25:28.056933Z 0 [Note] InnoDB: Apply batch completed
2019-05-21T17:25:28.183803Z 0 [Note] InnoDB: Removed temporary tablespace data file: "ibtmp1"
2019-05-21T17:25:28.183828Z 0 [Note] InnoDB: Creating shared tablespace for temporary tables
2019-05-21T17:25:28.183887Z 0 [Note] InnoDB: Setting file './ibtmp1' size to 12 MB. Physically writing the file full; Please wait ...
2019-05-21T17:25:28.248799Z 0 [Note] InnoDB: File './ibtmp1' size is now 12 MB.
2019-05-21T17:25:28.255700Z 0 [Note] InnoDB: 96 redo rollback segment(s) found. 96 redo rollback segment(s) are active.
2019-05-21T17:25:28.255734Z 0 [Note] InnoDB: 32 non-redo rollback segment(s) are active.
2019-05-21T17:25:28.256298Z 0 [Note] InnoDB: Waiting for purge to start
2019-05-21T17:25:28.312832Z 0 [Note] InnoDB: 5.7.23 started; log sequence number 2591784
2019-05-21T17:25:28.318666Z 0 [Note] Plugin 'FEDERATED' is disabled.
2019-05-21T17:25:28.324629Z 0 [Note] InnoDB: Loading buffer pool(s) from /var/lib/mysql/ib_buffer_pool
2019-05-21T17:25:28.326108Z 0 [Note] InnoDB: Buffer pool(s) load completed at 190521 17:25:28
2019-05-21T17:25:28.333585Z 0 [Warning] Failed to set up SSL because of the following SSL library error: SSL context is not usable without certificate and private key
2019-05-21T17:25:28.333616Z 0 [Note] Server hostname (bind-address): '*'; port: 3306
2019-05-21T17:25:28.334943Z 0 [Note] IPv6 is available.
2019-05-21T17:25:28.335274Z 0 [Note]   - '::' resolves to '::';
2019-05-21T17:25:28.335370Z 0 [Note] Server socket created on IP: '::'.
2019-05-21T17:25:28.339586Z 0 [Warning] Insecure configuration for --pid-file: Location '/var/run/mysqld' in the path is accessible to all OS users. Consider choosing a different directory.
2019-05-21T17:25:28.344542Z 0 [ERROR] /usr/sbin/mysqld: Table './mysql/user' is marked as crashed and should be repaired
2019-05-21T17:25:28.344921Z 0 [Warning] Checking table:   './mysql/user'
2019-05-21T17:25:28.344948Z 0 [ERROR] 1 client is using or hasn't closed the table properly
2019-05-21T17:25:28.349486Z 0 [Warning] 'user' entry 'root@localhost' ignored in --skip-name-resolve mode.
2019-05-21T17:25:28.349523Z 0 [Warning] 'user' entry 'mysql.session@localhost' ignored in --skip-name-resolve mode.
2019-05-21T17:25:28.349529Z 0 [Warning] 'user' entry 'mysql.sys@localhost' ignored in --skip-name-resolve mode.
2019-05-21T17:25:28.349546Z 0 [Warning] 'db' entry 'performance_schema mysql.session@localhost' ignored in --skip-name-resolve mode.
2019-05-21T17:25:28.349549Z 0 [Warning] 'db' entry 'sys mysql.sys@localhost' ignored in --skip-name-resolve mode.
2019-05-21T17:25:28.349557Z 0 [Warning] 'proxies_priv' entry '@ root@localhost' ignored in --skip-name-resolve mode.
2019-05-21T17:25:28.351058Z 0 [Warning] 'tables_priv' entry 'user mysql.session@localhost' ignored in --skip-name-resolve mode.
2019-05-21T17:25:28.351082Z 0 [Warning] 'tables_priv' entry 'sys_config mysql.sys@localhost' ignored in --skip-name-resolve mode.
2019-05-21T17:25:28.406303Z 0 [Note] Event Scheduler: Loaded 0 events
2019-05-21T17:25:28.420299Z 0 [Note] /usr/sbin/mysqld: ready for connections.
Version: '5.7.23'  socket: '/var/run/mysqld/mysqld.sock'  port: 3306  MySQL Community Server (GPL)
2019-05-21T17:25:30.907227Z 4 [ERROR] /usr/sbin/mysqld: Table './mysql/proc' is marked as crashed and should be repaired
2019-05-21T17:25:30.907358Z 4 [Warning] Checking table:   './mysql/proc'
2019-05-21T17:25:30.929232Z 6 [Warning] 'user' entry 'root@localhost' ignored in --skip-name-resolve mode.
2019-05-21T17:25:30.929255Z 6 [Warning] 'user' entry 'mysql.session@localhost' ignored in --skip-name-resolve mode.
2019-05-21T17:25:30.929261Z 6 [Warning] 'user' entry 'mysql.sys@localhost' ignored in --skip-name-resolve mode.
2019-05-21T17:25:30.929276Z 6 [Warning] 'db' entry 'performance_schema mysql.session@localhost' ignored in --skip-name-resolve mode.
2019-05-21T17:25:30.929280Z 6 [Warning] 'db' entry 'sys mysql.sys@localhost' ignored in --skip-name-resolve mode.
2019-05-21T17:25:30.929288Z 6 [Warning] 'proxies_priv' entry '@ root@localhost' ignored in --skip-name-resolve mode.
2019-05-21T17:25:30.929403Z 6 [Warning] 'tables_priv' entry 'user mysql.session@localhost' ignored in --skip-name-resolve mode.
2019-05-21T17:25:30.929411Z 6 [Warning] 'tables_priv' entry 'sys_config mysql.sys@localhost' ignored in --skip-name-resolve mode.
2019-05-21T17:30:45.580666Z 0 [Note] Giving 0 client threads a chance to die gracefully
2019-05-21T17:30:45.581154Z 0 [Note] Shutting down slave threads
2019-05-21T17:30:45.581165Z 0 [Note] Forcefully disconnecting 0 remaining clients
2019-05-21T17:30:45.581529Z 0 [Note] Event Scheduler: Purging the queue. 0 events
2019-05-21T17:30:45.581574Z 0 [Note] Binlog end
2019-05-21T17:30:45.582843Z 0 [Note] Shutting down plugin 'ngram'
2019-05-21T17:30:45.582863Z 0 [Note] Shutting down plugin 'partition'
2019-05-21T17:30:45.582868Z 0 [Note] Shutting down plugin 'BLACKHOLE'
2019-05-21T17:30:45.582872Z 0 [Note] Shutting down plugin 'ARCHIVE'
2019-05-21T17:30:45.582875Z 0 [Note] Shutting down plugin 'PERFORMANCE_SCHEMA'
2019-05-21T17:30:45.582901Z 0 [Note] Shutting down plugin 'MRG_MYISAM'
2019-05-21T17:30:45.582907Z 0 [Note] Shutting down plugin 'MyISAM'
2019-05-21T17:30:45.582919Z 0 [Note] Shutting down plugin 'INNODB_SYS_VIRTUAL'
2019-05-21T17:30:45.582924Z 0 [Note] Shutting down plugin 'INNODB_SYS_DATAFILES'
2019-05-21T17:30:45.582926Z 0 [Note] Shutting down plugin 'INNODB_SYS_TABLESPACES'
2019-05-21T17:30:45.582928Z 0 [Note] Shutting down plugin 'INNODB_SYS_FOREIGN_COLS'
2019-05-21T17:30:45.582930Z 0 [Note] Shutting down plugin 'INNODB_SYS_FOREIGN'
2019-05-21T17:30:45.582932Z 0 [Note] Shutting down plugin 'INNODB_SYS_FIELDS'
2019-05-21T17:30:45.582934Z 0 [Note] Shutting down plugin 'INNODB_SYS_COLUMNS'
2019-05-21T17:30:45.582936Z 0 [Note] Shutting down plugin 'INNODB_SYS_INDEXES'
2019-05-21T17:30:45.582938Z 0 [Note] Shutting down plugin 'INNODB_SYS_TABLESTATS'
2019-05-21T17:30:45.582940Z 0 [Note] Shutting down plugin 'INNODB_SYS_TABLES'
2019-05-21T17:30:45.582942Z 0 [Note] Shutting down plugin 'INNODB_FT_INDEX_TABLE'
2019-05-21T17:30:45.582950Z 0 [Note] Shutting down plugin 'INNODB_FT_INDEX_CACHE'
2019-05-21T17:30:45.582952Z 0 [Note] Shutting down plugin 'INNODB_FT_CONFIG'
2019-05-21T17:30:45.582955Z 0 [Note] Shutting down plugin 'INNODB_FT_BEING_DELETED'
2019-05-21T17:30:45.582965Z 0 [Note] Shutting down plugin 'INNODB_FT_DELETED'
2019-05-21T17:30:45.582967Z 0 [Note] Shutting down plugin 'INNODB_FT_DEFAULT_STOPWORD'
2019-05-21T17:30:45.582969Z 0 [Note] Shutting down plugin 'INNODB_METRICS'
2019-05-21T17:30:45.582971Z 0 [Note] Shutting down plugin 'INNODB_TEMP_TABLE_INFO'
2019-05-21T17:30:45.582974Z 0 [Note] Shutting down plugin 'INNODB_BUFFER_POOL_STATS'
2019-05-21T17:30:45.582976Z 0 [Note] Shutting down plugin 'INNODB_BUFFER_PAGE_LRU'
2019-05-21T17:30:45.582978Z 0 [Note] Shutting down plugin 'INNODB_BUFFER_PAGE'
2019-05-21T17:30:45.582980Z 0 [Note] Shutting down plugin 'INNODB_CMP_PER_INDEX_RESET'
2019-05-21T17:30:45.582982Z 0 [Note] Shutting down plugin 'INNODB_CMP_PER_INDEX'
2019-05-21T17:30:45.582984Z 0 [Note] Shutting down plugin 'INNODB_CMPMEM_RESET'
2019-05-21T17:30:45.582986Z 0 [Note] Shutting down plugin 'INNODB_CMPMEM'
2019-05-21T17:30:45.582988Z 0 [Note] Shutting down plugin 'INNODB_CMP_RESET'
2019-05-21T17:30:45.582990Z 0 [Note] Shutting down plugin 'INNODB_CMP'
2019-05-21T17:30:45.582992Z 0 [Note] Shutting down plugin 'INNODB_LOCK_WAITS'
2019-05-21T17:30:45.582995Z 0 [Note] Shutting down plugin 'INNODB_LOCKS'
2019-05-21T17:30:45.582997Z 0 [Note] Shutting down plugin 'INNODB_TRX'
2019-05-21T17:30:45.582999Z 0 [Note] Shutting down plugin 'InnoDB'
2019-05-21T17:30:45.583055Z 0 [Note] InnoDB: FTS optimize thread exiting.
2019-05-21T17:30:45.583227Z 0 [Note] InnoDB: Starting shutdown...
2019-05-21T17:30:45.684159Z 0 [Note] InnoDB: Dumping buffer pool(s) to /var/lib/mysql/ib_buffer_pool
2019-05-21T17:30:45.686117Z 0 [Note] InnoDB: Buffer pool(s) dump completed at 190521 17:30:45
2019-05-21T17:30:46.593225Z 0 [Note] InnoDB: Shutdown completed; log sequence number 3922634
2019-05-21T17:30:46.593475Z 0 [Note] InnoDB: Removed temporary tablespace data file: "ibtmp1"
2019-05-21T17:30:46.593485Z 0 [Note] Shutting down plugin 'MEMORY'
2019-05-21T17:30:46.593489Z 0 [Note] Shutting down plugin 'CSV'
2019-05-21T17:30:46.593493Z 0 [Note] Shutting down plugin 'sha256_password'
2019-05-21T17:30:46.593496Z 0 [Note] Shutting down plugin 'mysql_native_password'
2019-05-21T17:30:46.593615Z 0 [Note] Shutting down plugin 'binlog'
2019-05-21T17:30:46.594179Z 0 [Note] /usr/sbin/mysqld: Shutdown complete

2019-05-21T18:04:03.636603Z 0 [Warning] TIMESTAMP with implicit DEFAULT value is deprecated. Please use --explicit_defaults_for_timestamp server option (see documentation for more details).
2019-05-21T18:04:03.642594Z 0 [Note] /usr/sbin/mysqld (mysqld 5.7.23) starting as process 80 ...
2019-05-21T18:04:03.680980Z 0 [Note] InnoDB: PUNCH HOLE support available
2019-05-21T18:04:03.681143Z 0 [Note] InnoDB: Mutexes and rw_locks use GCC atomic builtins
2019-05-21T18:04:03.681149Z 0 [Note] InnoDB: Uses event mutexes
2019-05-21T18:04:03.681152Z 0 [Note] InnoDB: GCC builtin __atomic_thread_fence() is used for memory barrier
2019-05-21T18:04:03.681155Z 0 [Note] InnoDB: Compressed tables use zlib 1.2.3
2019-05-21T18:04:03.681159Z 0 [Note] InnoDB: Using Linux native AIO
2019-05-21T18:04:03.684130Z 0 [Note] InnoDB: Number of pools: 1
2019-05-21T18:04:03.689393Z 0 [Note] InnoDB: Using CPU crc32 instructions
2019-05-21T18:04:03.692444Z 0 [Note] InnoDB: Initializing buffer pool, total size = 32M, instances = 1, chunk size = 32M
2019-05-21T18:04:03.696211Z 0 [Note] InnoDB: Completed initialization of buffer pool
2019-05-21T18:04:03.702340Z 0 [Note] InnoDB: If the mysqld execution user is authorized, page cleaner thread priority can be changed. See the man page of setpriority().
2019-05-21T18:04:03.729220Z 0 [Note] InnoDB: Highest supported file format is Barracuda.
2019-05-21T18:04:03.785349Z 0 [Note] InnoDB: Creating shared tablespace for temporary tables
2019-05-21T18:04:03.785433Z 0 [Note] InnoDB: Setting file './ibtmp1' size to 12 MB. Physically writing the file full; Please wait ...
2019-05-21T18:04:03.821506Z 0 [Note] InnoDB: File './ibtmp1' size is now 12 MB.
2019-05-21T18:04:03.822106Z 0 [Note] InnoDB: 96 redo rollback segment(s) found. 96 redo rollback segment(s) are active.
2019-05-21T18:04:03.822174Z 0 [Note] InnoDB: 32 non-redo rollback segment(s) are active.
2019-05-21T18:04:03.822579Z 0 [Note] InnoDB: Waiting for purge to start
2019-05-21T18:04:03.872861Z 0 [Note] InnoDB: 5.7.23 started; log sequence number 3922634
2019-05-21T18:04:03.877046Z 0 [Note] Plugin 'FEDERATED' is disabled.
2019-05-21T18:04:03.880594Z 0 [Note] InnoDB: Loading buffer pool(s) from /var/lib/mysql/ib_buffer_pool
2019-05-21T18:04:03.894634Z 0 [Note] InnoDB: Buffer pool(s) load completed at 190521 18:04:03
2019-05-21T18:04:03.910776Z 0 [Warning] Failed to set up SSL because of the following SSL library error: SSL context is not usable without certificate and private key
2019-05-21T18:04:03.910805Z 0 [Note] Server hostname (bind-address): '*'; port: 3306
2019-05-21T18:04:03.911071Z 0 [Note] IPv6 is available.
2019-05-21T18:04:03.911607Z 0 [Note]   - '::' resolves to '::';
2019-05-21T18:04:03.911626Z 0 [Note] Server socket created on IP: '::'.
2019-05-21T18:04:03.927048Z 0 [Warning] 'user' entry 'root@localhost' ignored in --skip-name-resolve mode.
2019-05-21T18:04:03.927111Z 0 [Warning] 'user' entry 'mysql.session@localhost' ignored in --skip-name-resolve mode.
2019-05-21T18:04:03.927129Z 0 [Warning] 'user' entry 'mysql.sys@localhost' ignored in --skip-name-resolve mode.
2019-05-21T18:04:03.927780Z 0 [Warning] 'db' entry 'performance_schema mysql.session@localhost' ignored in --skip-name-resolve mode.
2019-05-21T18:04:03.927795Z 0 [Warning] 'db' entry 'sys mysql.sys@localhost' ignored in --skip-name-resolve mode.
2019-05-21T18:04:03.928162Z 0 [Warning] 'proxies_priv' entry '@ root@localhost' ignored in --skip-name-resolve mode.
2019-05-21T18:04:03.943673Z 0 [Warning] 'tables_priv' entry 'user mysql.session@localhost' ignored in --skip-name-resolve mode.
2019-05-21T18:04:03.943696Z 0 [Warning] 'tables_priv' entry 'sys_config mysql.sys@localhost' ignored in --skip-name-resolve mode.
2019-05-21T18:04:03.996324Z 0 [Note] Event Scheduler: Loaded 0 events
2019-05-21T18:04:04.001918Z 0 [Note] /usr/sbin/mysqld: ready for connections.
Version: '5.7.23'  socket: '/var/run/mysqld/mysqld.sock'  port: 3306  MySQL Community Server (GPL)
2019-05-21T18:18:03.293151Z 0 [Note] InnoDB: page_cleaner: 1000ms intended loop took 40094ms. The settings might not be optimal. (flushed=0 and evicted=0, during the time.)
2019-05-21T18:39:07.004055Z 0 [Note] Giving 0 client threads a chance to die gracefully
2019-05-21T18:39:07.004723Z 0 [Note] Shutting down slave threads
2019-05-21T18:39:07.004733Z 0 [Note] Forcefully disconnecting 0 remaining clients
2019-05-21T18:39:07.004740Z 0 [Note] Event Scheduler: Purging the queue. 0 events
2019-05-21T18:39:07.005456Z 0 [Note] Binlog end
2019-05-21T18:39:07.006556Z 0 [Note] Shutting down plugin 'ngram'
2019-05-21T18:39:07.006573Z 0 [Note] Shutting down plugin 'partition'
2019-05-21T18:39:07.006576Z 0 [Note] Shutting down plugin 'BLACKHOLE'
2019-05-21T18:39:07.006579Z 0 [Note] Shutting down plugin 'ARCHIVE'
2019-05-21T18:39:07.006581Z 0 [Note] Shutting down plugin 'PERFORMANCE_SCHEMA'
2019-05-21T18:39:07.006598Z 0 [Note] Shutting down plugin 'MRG_MYISAM'
2019-05-21T18:39:07.006601Z 0 [Note] Shutting down plugin 'MyISAM'
2019-05-21T18:39:07.006609Z 0 [Note] Shutting down plugin 'INNODB_SYS_VIRTUAL'
2019-05-21T18:39:07.006613Z 0 [Note] Shutting down plugin 'INNODB_SYS_DATAFILES'
2019-05-21T18:39:07.006615Z 0 [Note] Shutting down plugin 'INNODB_SYS_TABLESPACES'
2019-05-21T18:39:07.006617Z 0 [Note] Shutting down plugin 'INNODB_SYS_FOREIGN_COLS'
2019-05-21T18:39:07.006619Z 0 [Note] Shutting down plugin 'INNODB_SYS_FOREIGN'
2019-05-21T18:39:07.006621Z 0 [Note] Shutting down plugin 'INNODB_SYS_FIELDS'
2019-05-21T18:39:07.006623Z 0 [Note] Shutting down plugin 'INNODB_SYS_COLUMNS'
2019-05-21T18:39:07.006625Z 0 [Note] Shutting down plugin 'INNODB_SYS_INDEXES'
2019-05-21T18:39:07.006627Z 0 [Note] Shutting down plugin 'INNODB_SYS_TABLESTATS'
2019-05-21T18:39:07.006635Z 0 [Note] Shutting down plugin 'INNODB_SYS_TABLES'
2019-05-21T18:39:07.006637Z 0 [Note] Shutting down plugin 'INNODB_FT_INDEX_TABLE'
2019-05-21T18:39:07.006639Z 0 [Note] Shutting down plugin 'INNODB_FT_INDEX_CACHE'
2019-05-21T18:39:07.006641Z 0 [Note] Shutting down plugin 'INNODB_FT_CONFIG'
2019-05-21T18:39:07.006644Z 0 [Note] Shutting down plugin 'INNODB_FT_BEING_DELETED'
2019-05-21T18:39:07.006646Z 0 [Note] Shutting down plugin 'INNODB_FT_DELETED'
2019-05-21T18:39:07.006648Z 0 [Note] Shutting down plugin 'INNODB_FT_DEFAULT_STOPWORD'
2019-05-21T18:39:07.006650Z 0 [Note] Shutting down plugin 'INNODB_METRICS'
2019-05-21T18:39:07.006652Z 0 [Note] Shutting down plugin 'INNODB_TEMP_TABLE_INFO'
2019-05-21T18:39:07.006654Z 0 [Note] Shutting down plugin 'INNODB_BUFFER_POOL_STATS'
2019-05-21T18:39:07.006656Z 0 [Note] Shutting down plugin 'INNODB_BUFFER_PAGE_LRU'
2019-05-21T18:39:07.006658Z 0 [Note] Shutting down plugin 'INNODB_BUFFER_PAGE'
2019-05-21T18:39:07.006660Z 0 [Note] Shutting down plugin 'INNODB_CMP_PER_INDEX_RESET'
2019-05-21T18:39:07.006662Z 0 [Note] Shutting down plugin 'INNODB_CMP_PER_INDEX'
2019-05-21T18:39:07.006664Z 0 [Note] Shutting down plugin 'INNODB_CMPMEM_RESET'
2019-05-21T18:39:07.006666Z 0 [Note] Shutting down plugin 'INNODB_CMPMEM'
2019-05-21T18:39:07.006668Z 0 [Note] Shutting down plugin 'INNODB_CMP_RESET'
2019-05-21T18:39:07.006670Z 0 [Note] Shutting down plugin 'INNODB_CMP'
2019-05-21T18:39:07.006672Z 0 [Note] Shutting down plugin 'INNODB_LOCK_WAITS'
2019-05-21T18:39:07.006674Z 0 [Note] Shutting down plugin 'INNODB_LOCKS'
2019-05-21T18:39:07.006676Z 0 [Note] Shutting down plugin 'INNODB_TRX'
2019-05-21T18:39:07.006678Z 0 [Note] Shutting down plugin 'InnoDB'
2019-05-21T18:39:07.006725Z 0 [Note] InnoDB: FTS optimize thread exiting.
2019-05-21T18:39:07.006947Z 0 [Note] InnoDB: Starting shutdown...
2019-05-21T18:39:07.107453Z 0 [Note] InnoDB: Dumping buffer pool(s) to /var/lib/mysql/ib_buffer_pool
2019-05-21T18:39:07.107683Z 0 [Note] InnoDB: Buffer pool(s) dump completed at 190521 18:39:07
2019-05-21T18:39:08.322564Z 0 [Note] InnoDB: Shutdown completed; log sequence number 3922662
2019-05-21T18:39:08.323962Z 0 [Note] InnoDB: Removed temporary tablespace data file: "ibtmp1"
2019-05-21T18:39:08.323972Z 0 [Note] Shutting down plugin 'MEMORY'
2019-05-21T18:39:08.323976Z 0 [Note] Shutting down plugin 'CSV'
2019-05-21T18:39:08.323980Z 0 [Note] Shutting down plugin 'sha256_password'
2019-05-21T18:39:08.323982Z 0 [Note] Shutting down plugin 'mysql_native_password'
2019-05-21T18:39:08.324086Z 0 [Note] Shutting down plugin 'binlog'
2019-05-21T18:39:08.324565Z 0 [Note] /usr/sbin/mysqld: Shutdown complete

2019-05-21T18:39:21.210835Z 0 [Warning] TIMESTAMP with implicit DEFAULT value is deprecated. Please use --explicit_defaults_for_timestamp server option (see documentation for more details).
2019-05-21T18:39:21.211046Z 0 [Note] /usr/sbin/mysqld (mysqld 5.7.23) starting as process 76 ...
2019-05-21T18:39:21.221873Z 0 [Note] InnoDB: PUNCH HOLE support available
2019-05-21T18:39:21.221899Z 0 [Note] InnoDB: Mutexes and rw_locks use GCC atomic builtins
2019-05-21T18:39:21.221902Z 0 [Note] InnoDB: Uses event mutexes
2019-05-21T18:39:21.221905Z 0 [Note] InnoDB: GCC builtin __atomic_thread_fence() is used for memory barrier
2019-05-21T18:39:21.221907Z 0 [Note] InnoDB: Compressed tables use zlib 1.2.3
2019-05-21T18:39:21.221910Z 0 [Note] InnoDB: Using Linux native AIO
2019-05-21T18:39:21.222072Z 0 [Note] InnoDB: Number of pools: 1
2019-05-21T18:39:21.222153Z 0 [Note] InnoDB: Using CPU crc32 instructions
2019-05-21T18:39:21.223331Z 0 [Note] InnoDB: Initializing buffer pool, total size = 32M, instances = 1, chunk size = 32M
2019-05-21T18:39:21.224984Z 0 [Note] InnoDB: Completed initialization of buffer pool
2019-05-21T18:39:21.233872Z 0 [Note] InnoDB: If the mysqld execution user is authorized, page cleaner thread priority can be changed. See the man page of setpriority().
2019-05-21T18:39:21.238537Z 0 [Note] InnoDB: Highest supported file format is Barracuda.
2019-05-21T18:39:21.250756Z 0 [Note] InnoDB: Creating shared tablespace for temporary tables
2019-05-21T18:39:21.250824Z 0 [Note] InnoDB: Setting file './ibtmp1' size to 12 MB. Physically writing the file full; Please wait ...
2019-05-21T18:39:21.275526Z 0 [Note] InnoDB: File './ibtmp1' size is now 12 MB.
2019-05-21T18:39:21.276039Z 0 [Note] InnoDB: 96 redo rollback segment(s) found. 96 redo rollback segment(s) are active.
2019-05-21T18:39:21.276047Z 0 [Note] InnoDB: 32 non-redo rollback segment(s) are active.
2019-05-21T18:39:21.276509Z 0 [Note] InnoDB: Waiting for purge to start
2019-05-21T18:39:21.327170Z 0 [Note] InnoDB: 5.7.23 started; log sequence number 3922662
2019-05-21T18:39:21.327572Z 0 [Note] Plugin 'FEDERATED' is disabled.
2019-05-21T18:39:21.328527Z 0 [Warning] Failed to set up SSL because of the following SSL library error: SSL context is not usable without certificate and private key
2019-05-21T18:39:21.328537Z 0 [Note] Server hostname (bind-address): '*'; port: 3306
2019-05-21T18:39:21.328569Z 0 [Note] IPv6 is available.
2019-05-21T18:39:21.328577Z 0 [Note]   - '::' resolves to '::';
2019-05-21T18:39:21.328581Z 0 [Note] Server socket created on IP: '::'.
2019-05-21T18:39:21.331392Z 0 [Warning] 'user' entry 'root@localhost' ignored in --skip-name-resolve mode.
2019-05-21T18:39:21.331424Z 0 [Warning] 'user' entry 'mysql.session@localhost' ignored in --skip-name-resolve mode.
2019-05-21T18:39:21.331432Z 0 [Warning] 'user' entry 'mysql.sys@localhost' ignored in --skip-name-resolve mode.
2019-05-21T18:39:21.331456Z 0 [Warning] 'db' entry 'performance_schema mysql.session@localhost' ignored in --skip-name-resolve mode.
2019-05-21T18:39:21.331461Z 0 [Warning] 'db' entry 'sys mysql.sys@localhost' ignored in --skip-name-resolve mode.
2019-05-21T18:39:21.331470Z 0 [Warning] 'proxies_priv' entry '@ root@localhost' ignored in --skip-name-resolve mode.
2019-05-21T18:39:21.332451Z 0 [Warning] 'tables_priv' entry 'user mysql.session@localhost' ignored in --skip-name-resolve mode.
2019-05-21T18:39:21.332462Z 0 [Warning] 'tables_priv' entry 'sys_config mysql.sys@localhost' ignored in --skip-name-resolve mode.
2019-05-21T18:39:21.338995Z 0 [Note] Event Scheduler: Loaded 0 events
2019-05-21T18:39:21.340928Z 0 [Note] InnoDB: Loading buffer pool(s) from /var/lib/mysql/ib_buffer_pool
2019-05-21T18:39:21.342148Z 0 [Note] InnoDB: Buffer pool(s) load completed at 190521 18:39:21
2019-05-21T18:39:21.349930Z 0 [Note] /usr/sbin/mysqld: ready for connections.
Version: '5.7.23'  socket: '/var/run/mysqld/mysqld.sock'  port: 3306  MySQL Community Server (GPL)
2019-05-21T19:48:08.362757Z 0 [Note] Giving 0 client threads a chance to die gracefully
2019-05-21T19:48:08.366388Z 0 [Note] Shutting down slave threads
2019-05-21T19:48:08.366411Z 0 [Note] Forcefully disconnecting 0 remaining clients
2019-05-21T19:48:08.366421Z 0 [Note] Event Scheduler: Purging the queue. 0 events
2019-05-21T19:48:08.366513Z 0 [Note] Binlog end
2019-05-21T19:48:08.373609Z 0 [Note] Shutting down plugin 'ngram'
2019-05-21T19:48:08.373629Z 0 [Note] Shutting down plugin 'partition'
2019-05-21T19:48:08.373632Z 0 [Note] Shutting down plugin 'BLACKHOLE'
2019-05-21T19:48:08.373635Z 0 [Note] Shutting down plugin 'ARCHIVE'
2019-05-21T19:48:08.373638Z 0 [Note] Shutting down plugin 'PERFORMANCE_SCHEMA'
2019-05-21T19:48:08.373658Z 0 [Note] Shutting down plugin 'MRG_MYISAM'
2019-05-21T19:48:08.373662Z 0 [Note] Shutting down plugin 'MyISAM'
2019-05-21T19:48:08.373671Z 0 [Note] Shutting down plugin 'INNODB_SYS_VIRTUAL'
2019-05-21T19:48:08.373675Z 0 [Note] Shutting down plugin 'INNODB_SYS_DATAFILES'
2019-05-21T19:48:08.373678Z 0 [Note] Shutting down plugin 'INNODB_SYS_TABLESPACES'
2019-05-21T19:48:08.373681Z 0 [Note] Shutting down plugin 'INNODB_SYS_FOREIGN_COLS'
2019-05-21T19:48:08.373685Z 0 [Note] Shutting down plugin 'INNODB_SYS_FOREIGN'
2019-05-21T19:48:08.373687Z 0 [Note] Shutting down plugin 'INNODB_SYS_FIELDS'
2019-05-21T19:48:08.373689Z 0 [Note] Shutting down plugin 'INNODB_SYS_COLUMNS'
2019-05-21T19:48:08.373691Z 0 [Note] Shutting down plugin 'INNODB_SYS_INDEXES'
2019-05-21T19:48:08.373693Z 0 [Note] Shutting down plugin 'INNODB_SYS_TABLESTATS'
2019-05-21T19:48:08.373701Z 0 [Note] Shutting down plugin 'INNODB_SYS_TABLES'
2019-05-21T19:48:08.373704Z 0 [Note] Shutting down plugin 'INNODB_FT_INDEX_TABLE'
2019-05-21T19:48:08.373705Z 0 [Note] Shutting down plugin 'INNODB_FT_INDEX_CACHE'
2019-05-21T19:48:08.373708Z 0 [Note] Shutting down plugin 'INNODB_FT_CONFIG'
2019-05-21T19:48:08.373709Z 0 [Note] Shutting down plugin 'INNODB_FT_BEING_DELETED'
2019-05-21T19:48:08.373711Z 0 [Note] Shutting down plugin 'INNODB_FT_DELETED'
2019-05-21T19:48:08.373713Z 0 [Note] Shutting down plugin 'INNODB_FT_DEFAULT_STOPWORD'
2019-05-21T19:48:08.373715Z 0 [Note] Shutting down plugin 'INNODB_METRICS'
2019-05-21T19:48:08.373717Z 0 [Note] Shutting down plugin 'INNODB_TEMP_TABLE_INFO'
2019-05-21T19:48:08.373719Z 0 [Note] Shutting down plugin 'INNODB_BUFFER_POOL_STATS'
2019-05-21T19:48:08.373721Z 0 [Note] Shutting down plugin 'INNODB_BUFFER_PAGE_LRU'
2019-05-21T19:48:08.373723Z 0 [Note] Shutting down plugin 'INNODB_BUFFER_PAGE'
2019-05-21T19:48:08.373782Z 0 [Note] Shutting down plugin 'INNODB_CMP_PER_INDEX_RESET'
2019-05-21T19:48:08.373791Z 0 [Note] Shutting down plugin 'INNODB_CMP_PER_INDEX'
2019-05-21T19:48:08.373793Z 0 [Note] Shutting down plugin 'INNODB_CMPMEM_RESET'
2019-05-21T19:48:08.373796Z 0 [Note] Shutting down plugin 'INNODB_CMPMEM'
2019-05-21T19:48:08.373798Z 0 [Note] Shutting down plugin 'INNODB_CMP_RESET'
2019-05-21T19:48:08.373800Z 0 [Note] Shutting down plugin 'INNODB_CMP'
2019-05-21T19:48:08.373802Z 0 [Note] Shutting down plugin 'INNODB_LOCK_WAITS'
2019-05-21T19:48:08.373804Z 0 [Note] Shutting down plugin 'INNODB_LOCKS'
2019-05-21T19:48:08.373806Z 0 [Note] Shutting down plugin 'INNODB_TRX'
2019-05-21T19:48:08.373808Z 0 [Note] Shutting down plugin 'InnoDB'
2019-05-21T19:48:08.373966Z 0 [Note] InnoDB: FTS optimize thread exiting.
2019-05-21T19:48:08.374207Z 0 [Note] InnoDB: Starting shutdown...
2019-05-21T19:48:08.475171Z 0 [Note] InnoDB: Dumping buffer pool(s) to /var/lib/mysql/ib_buffer_pool
2019-05-21T19:48:08.475570Z 0 [Note] InnoDB: Buffer pool(s) dump completed at 190521 19:48:08
2019-05-21T19:48:09.686622Z 0 [Note] InnoDB: Shutdown completed; log sequence number 3965568
2019-05-21T19:48:09.691267Z 0 [Note] InnoDB: Removed temporary tablespace data file: "ibtmp1"
2019-05-21T19:48:09.691306Z 0 [Note] Shutting down plugin 'MEMORY'
2019-05-21T19:48:09.691313Z 0 [Note] Shutting down plugin 'CSV'
2019-05-21T19:48:09.691319Z 0 [Note] Shutting down plugin 'sha256_password'
2019-05-21T19:48:09.691323Z 0 [Note] Shutting down plugin 'mysql_native_password'
2019-05-21T19:48:09.691851Z 0 [Note] Shutting down plugin 'binlog'
2019-05-21T19:48:09.692676Z 0 [Note] /usr/sbin/mysqld: Shutdown complete

2019-05-21T19:48:18.539877Z 0 [Warning] TIMESTAMP with implicit DEFAULT value is deprecated. Please use --explicit_defaults_for_timestamp server option (see documentation for more details).
2019-05-21T19:48:18.540121Z 0 [Note] /usr/sbin/mysqld (mysqld 5.7.23) starting as process 73 ...
2019-05-21T19:48:18.544064Z 0 [Note] InnoDB: PUNCH HOLE support available
2019-05-21T19:48:18.544089Z 0 [Note] InnoDB: Mutexes and rw_locks use GCC atomic builtins
2019-05-21T19:48:18.544093Z 0 [Note] InnoDB: Uses event mutexes
2019-05-21T19:48:18.544096Z 0 [Note] InnoDB: GCC builtin __atomic_thread_fence() is used for memory barrier
2019-05-21T19:48:18.544099Z 0 [Note] InnoDB: Compressed tables use zlib 1.2.3
2019-05-21T19:48:18.544102Z 0 [Note] InnoDB: Using Linux native AIO
2019-05-21T19:48:18.544357Z 0 [Note] InnoDB: Number of pools: 1
2019-05-21T19:48:18.544438Z 0 [Note] InnoDB: Using CPU crc32 instructions
2019-05-21T19:48:18.545713Z 0 [Note] InnoDB: Initializing buffer pool, total size = 32M, instances = 1, chunk size = 32M
2019-05-21T19:48:18.547262Z 0 [Note] InnoDB: Completed initialization of buffer pool
2019-05-21T19:48:18.555930Z 0 [Note] InnoDB: If the mysqld execution user is authorized, page cleaner thread priority can be changed. See the man page of setpriority().
2019-05-21T19:48:18.562571Z 0 [Note] InnoDB: Highest supported file format is Barracuda.
2019-05-21T19:48:18.578560Z 0 [Note] InnoDB: Creating shared tablespace for temporary tables
2019-05-21T19:48:18.578633Z 0 [Note] InnoDB: Setting file './ibtmp1' size to 12 MB. Physically writing the file full; Please wait ...
2019-05-21T19:48:18.600319Z 0 [Note] InnoDB: File './ibtmp1' size is now 12 MB.
2019-05-21T19:48:18.600904Z 0 [Note] InnoDB: 96 redo rollback segment(s) found. 96 redo rollback segment(s) are active.
2019-05-21T19:48:18.600917Z 0 [Note] InnoDB: 32 non-redo rollback segment(s) are active.
2019-05-21T19:48:18.601343Z 0 [Note] InnoDB: Waiting for purge to start
2019-05-21T19:48:18.652032Z 0 [Note] InnoDB: 5.7.23 started; log sequence number 3965568
2019-05-21T19:48:18.652335Z 0 [Note] Plugin 'FEDERATED' is disabled.
2019-05-21T19:48:18.653320Z 0 [Warning] Failed to set up SSL because of the following SSL library error: SSL context is not usable without certificate and private key
2019-05-21T19:48:18.653332Z 0 [Note] Server hostname (bind-address): '*'; port: 3306
2019-05-21T19:48:18.653367Z 0 [Note] IPv6 is available.
2019-05-21T19:48:18.653375Z 0 [Note]   - '::' resolves to '::';
2019-05-21T19:48:18.653381Z 0 [Note] Server socket created on IP: '::'.
2019-05-21T19:48:18.655518Z 0 [Warning] 'user' entry 'root@localhost' ignored in --skip-name-resolve mode.
2019-05-21T19:48:18.655546Z 0 [Warning] 'user' entry 'mysql.session@localhost' ignored in --skip-name-resolve mode.
2019-05-21T19:48:18.655553Z 0 [Warning] 'user' entry 'mysql.sys@localhost' ignored in --skip-name-resolve mode.
2019-05-21T19:48:18.655569Z 0 [Warning] 'db' entry 'performance_schema mysql.session@localhost' ignored in --skip-name-resolve mode.
2019-05-21T19:48:18.655573Z 0 [Warning] 'db' entry 'sys mysql.sys@localhost' ignored in --skip-name-resolve mode.
2019-05-21T19:48:18.655581Z 0 [Warning] 'proxies_priv' entry '@ root@localhost' ignored in --skip-name-resolve mode.
2019-05-21T19:48:18.656619Z 0 [Warning] 'tables_priv' entry 'user mysql.session@localhost' ignored in --skip-name-resolve mode.
2019-05-21T19:48:18.656632Z 0 [Warning] 'tables_priv' entry 'sys_config mysql.sys@localhost' ignored in --skip-name-resolve mode.
2019-05-21T19:48:18.661410Z 0 [Note] Event Scheduler: Loaded 0 events
2019-05-21T19:48:18.662722Z 0 [Note] InnoDB: Loading buffer pool(s) from /var/lib/mysql/ib_buffer_pool
2019-05-21T19:48:18.664735Z 0 [Note] InnoDB: Buffer pool(s) load completed at 190521 19:48:18
2019-05-21T19:48:18.669865Z 0 [Note] /usr/sbin/mysqld: ready for connections.
Version: '5.7.23'  socket: '/var/run/mysqld/mysqld.sock'  port: 3306  MySQL Community Server (GPL)
2019-05-22T02:24:42.678300Z 0 [Note] InnoDB: page_cleaner: 1000ms intended loop took 13542910ms. The settings might not be optimal. (flushed=0 and evicted=0, during the time.)
2019-05-23T00:23:35.096423Z 0 [Note] InnoDB: page_cleaner: 1000ms intended loop took 78282919ms. The settings might not be optimal. (flushed=0 and evicted=0, during the time.)
2019-05-23T01:27:42.077380Z 0 [Note] InnoDB: page_cleaner: 1000ms intended loop took 1384424ms. The settings might not be optimal. (flushed=0 and evicted=0, during the time.)
2019-05-23T02:38:32.775848Z 0 [Note] InnoDB: page_cleaner: 1000ms intended loop took 630488ms. The settings might not be optimal. (flushed=0 and evicted=0, during the time.)
2019-05-23T10:25:14.249668Z 0 [Note] InnoDB: page_cleaner: 1000ms intended loop took 12341396ms. The settings might not be optimal. (flushed=0 and evicted=0, during the time.)
2019-05-23T12:38:24.921374Z 0 [Note] InnoDB: page_cleaner: 1000ms intended loop took 7222184ms. The settings might not be optimal. (flushed=0 and evicted=0, during the time.)
2019-05-23T13:01:41.458344Z 0 [Note] Giving 0 client threads a chance to die gracefully
2019-05-23T13:01:41.458824Z 0 [Note] Shutting down slave threads
2019-05-23T13:01:41.458834Z 0 [Note] Forcefully disconnecting 0 remaining clients
2019-05-23T13:01:41.458841Z 0 [Note] Event Scheduler: Purging the queue. 0 events
2019-05-23T13:01:41.458908Z 0 [Note] Binlog end
2019-05-23T13:01:41.462186Z 0 [Note] Shutting down plugin 'ngram'
2019-05-23T13:01:41.462210Z 0 [Note] Shutting down plugin 'partition'
2019-05-23T13:01:41.462214Z 0 [Note] Shutting down plugin 'BLACKHOLE'
2019-05-23T13:01:41.462217Z 0 [Note] Shutting down plugin 'ARCHIVE'
2019-05-23T13:01:41.462219Z 0 [Note] Shutting down plugin 'PERFORMANCE_SCHEMA'
2019-05-23T13:01:41.462236Z 0 [Note] Shutting down plugin 'MRG_MYISAM'
2019-05-23T13:01:41.462239Z 0 [Note] Shutting down plugin 'MyISAM'
2019-05-23T13:01:41.462248Z 0 [Note] Shutting down plugin 'INNODB_SYS_VIRTUAL'
2019-05-23T13:01:41.462251Z 0 [Note] Shutting down plugin 'INNODB_SYS_DATAFILES'
2019-05-23T13:01:41.462253Z 0 [Note] Shutting down plugin 'INNODB_SYS_TABLESPACES'
2019-05-23T13:01:41.462255Z 0 [Note] Shutting down plugin 'INNODB_SYS_FOREIGN_COLS'
2019-05-23T13:01:41.462257Z 0 [Note] Shutting down plugin 'INNODB_SYS_FOREIGN'
2019-05-23T13:01:41.462259Z 0 [Note] Shutting down plugin 'INNODB_SYS_FIELDS'
2019-05-23T13:01:41.462261Z 0 [Note] Shutting down plugin 'INNODB_SYS_COLUMNS'
2019-05-23T13:01:41.462263Z 0 [Note] Shutting down plugin 'INNODB_SYS_INDEXES'
2019-05-23T13:01:41.462265Z 0 [Note] Shutting down plugin 'INNODB_SYS_TABLESTATS'
2019-05-23T13:01:41.462267Z 0 [Note] Shutting down plugin 'INNODB_SYS_TABLES'
2019-05-23T13:01:41.462269Z 0 [Note] Shutting down plugin 'INNODB_FT_INDEX_TABLE'
2019-05-23T13:01:41.462271Z 0 [Note] Shutting down plugin 'INNODB_FT_INDEX_CACHE'
2019-05-23T13:01:41.462273Z 0 [Note] Shutting down plugin 'INNODB_FT_CONFIG'
2019-05-23T13:01:41.462275Z 0 [Note] Shutting down plugin 'INNODB_FT_BEING_DELETED'
2019-05-23T13:01:41.462277Z 0 [Note] Shutting down plugin 'INNODB_FT_DELETED'
2019-05-23T13:01:41.462279Z 0 [Note] Shutting down plugin 'INNODB_FT_DEFAULT_STOPWORD'
2019-05-23T13:01:41.462281Z 0 [Note] Shutting down plugin 'INNODB_METRICS'
2019-05-23T13:01:41.462283Z 0 [Note] Shutting down plugin 'INNODB_TEMP_TABLE_INFO'
2019-05-23T13:01:41.462285Z 0 [Note] Shutting down plugin 'INNODB_BUFFER_POOL_STATS'
2019-05-23T13:01:41.462288Z 0 [Note] Shutting down plugin 'INNODB_BUFFER_PAGE_LRU'
2019-05-23T13:01:41.462290Z 0 [Note] Shutting down plugin 'INNODB_BUFFER_PAGE'
2019-05-23T13:01:41.462292Z 0 [Note] Shutting down plugin 'INNODB_CMP_PER_INDEX_RESET'
2019-05-23T13:01:41.462294Z 0 [Note] Shutting down plugin 'INNODB_CMP_PER_INDEX'
2019-05-23T13:01:41.462296Z 0 [Note] Shutting down plugin 'INNODB_CMPMEM_RESET'
2019-05-23T13:01:41.462298Z 0 [Note] Shutting down plugin 'INNODB_CMPMEM'
2019-05-23T13:01:41.462300Z 0 [Note] Shutting down plugin 'INNODB_CMP_RESET'
2019-05-23T13:01:41.462302Z 0 [Note] Shutting down plugin 'INNODB_CMP'
2019-05-23T13:01:41.462304Z 0 [Note] Shutting down plugin 'INNODB_LOCK_WAITS'
2019-05-23T13:01:41.462306Z 0 [Note] Shutting down plugin 'INNODB_LOCKS'
2019-05-23T13:01:41.462308Z 0 [Note] Shutting down plugin 'INNODB_TRX'
2019-05-23T13:01:41.462311Z 0 [Note] Shutting down plugin 'InnoDB'
2019-05-23T13:01:41.462349Z 0 [Note] InnoDB: FTS optimize thread exiting.
2019-05-23T13:01:41.462494Z 0 [Note] InnoDB: Starting shutdown...
2019-05-23T13:01:41.563465Z 0 [Note] InnoDB: Dumping buffer pool(s) to /var/lib/mysql/ib_buffer_pool
2019-05-23T13:01:41.564007Z 0 [Note] InnoDB: Buffer pool(s) dump completed at 190523 13:01:41
2019-05-23T13:01:42.578280Z 0 [Note] InnoDB: Shutdown completed; log sequence number 5546163
2019-05-23T13:01:42.578655Z 0 [Note] InnoDB: Removed temporary tablespace data file: "ibtmp1"
2019-05-23T13:01:42.578672Z 0 [Note] Shutting down plugin 'MEMORY'
2019-05-23T13:01:42.578679Z 0 [Note] Shutting down plugin 'CSV'
2019-05-23T13:01:42.578685Z 0 [Note] Shutting down plugin 'sha256_password'
2019-05-23T13:01:42.578689Z 0 [Note] Shutting down plugin 'mysql_native_password'
2019-05-23T13:01:42.578861Z 0 [Note] Shutting down plugin 'binlog'
2019-05-23T13:01:42.579357Z 0 [Note] /usr/sbin/mysqld: Shutdown complete

2019-05-23T15:25:56.830624Z 0 [Warning] TIMESTAMP with implicit DEFAULT value is deprecated. Please use --explicit_defaults_for_timestamp server option (see documentation for more details).
2019-05-23T15:25:56.830842Z 0 [Note] /usr/sbin/mysqld (mysqld 5.7.23) starting as process 74 ...
2019-05-23T15:25:56.836002Z 0 [Note] InnoDB: PUNCH HOLE support available
2019-05-23T15:25:56.836028Z 0 [Note] InnoDB: Mutexes and rw_locks use GCC atomic builtins
2019-05-23T15:25:56.836032Z 0 [Note] InnoDB: Uses event mutexes
2019-05-23T15:25:56.836035Z 0 [Note] InnoDB: GCC builtin __atomic_thread_fence() is used for memory barrier
2019-05-23T15:25:56.836037Z 0 [Note] InnoDB: Compressed tables use zlib 1.2.3
2019-05-23T15:25:56.836040Z 0 [Note] InnoDB: Using Linux native AIO
2019-05-23T15:25:56.836199Z 0 [Note] InnoDB: Number of pools: 1
2019-05-23T15:25:56.836271Z 0 [Note] InnoDB: Using CPU crc32 instructions
2019-05-23T15:25:56.837528Z 0 [Note] InnoDB: Initializing buffer pool, total size = 32M, instances = 1, chunk size = 32M
2019-05-23T15:25:56.839133Z 0 [Note] InnoDB: Completed initialization of buffer pool
2019-05-23T15:25:56.850463Z 0 [Note] InnoDB: If the mysqld execution user is authorized, page cleaner thread priority can be changed. See the man page of setpriority().
2019-05-23T15:25:56.862086Z 0 [Note] InnoDB: Highest supported file format is Barracuda.
2019-05-23T15:25:56.876946Z 0 [Note] InnoDB: Creating shared tablespace for temporary tables
2019-05-23T15:25:56.877015Z 0 [Note] InnoDB: Setting file './ibtmp1' size to 12 MB. Physically writing the file full; Please wait ...
2019-05-23T15:25:56.908243Z 0 [Note] InnoDB: File './ibtmp1' size is now 12 MB.
2019-05-23T15:25:56.908928Z 0 [Note] InnoDB: 96 redo rollback segment(s) found. 96 redo rollback segment(s) are active.
2019-05-23T15:25:56.908947Z 0 [Note] InnoDB: 32 non-redo rollback segment(s) are active.
2019-05-23T15:25:56.909357Z 0 [Note] InnoDB: Waiting for purge to start
2019-05-23T15:25:56.960068Z 0 [Note] InnoDB: 5.7.23 started; log sequence number 5546163
2019-05-23T15:25:56.960344Z 0 [Note] Plugin 'FEDERATED' is disabled.
2019-05-23T15:25:56.961927Z 0 [Warning] Failed to set up SSL because of the following SSL library error: SSL context is not usable without certificate and private key
2019-05-23T15:25:56.961946Z 0 [Note] Server hostname (bind-address): '*'; port: 3306
2019-05-23T15:25:56.961985Z 0 [Note] IPv6 is available.
2019-05-23T15:25:56.961993Z 0 [Note]   - '::' resolves to '::';
2019-05-23T15:25:56.961999Z 0 [Note] Server socket created on IP: '::'.
2019-05-23T15:25:56.970424Z 0 [Note] InnoDB: Loading buffer pool(s) from /var/lib/mysql/ib_buffer_pool
2019-05-23T15:25:56.971958Z 0 [Warning] 'user' entry 'root@localhost' ignored in --skip-name-resolve mode.
2019-05-23T15:25:56.971983Z 0 [Warning] 'user' entry 'mysql.session@localhost' ignored in --skip-name-resolve mode.
2019-05-23T15:25:56.971990Z 0 [Warning] 'user' entry 'mysql.sys@localhost' ignored in --skip-name-resolve mode.
2019-05-23T15:25:56.972005Z 0 [Warning] 'db' entry 'performance_schema mysql.session@localhost' ignored in --skip-name-resolve mode.
2019-05-23T15:25:56.972009Z 0 [Warning] 'db' entry 'sys mysql.sys@localhost' ignored in --skip-name-resolve mode.
2019-05-23T15:25:56.972017Z 0 [Warning] 'proxies_priv' entry '@ root@localhost' ignored in --skip-name-resolve mode.
2019-05-23T15:25:56.973099Z 0 [Warning] 'tables_priv' entry 'user mysql.session@localhost' ignored in --skip-name-resolve mode.
2019-05-23T15:25:56.973111Z 0 [Warning] 'tables_priv' entry 'sys_config mysql.sys@localhost' ignored in --skip-name-resolve mode.
2019-05-23T15:25:56.978410Z 0 [Note] Event Scheduler: Loaded 0 events
2019-05-23T15:25:56.979062Z 0 [Note] /usr/sbin/mysqld: ready for connections.
Version: '5.7.23'  socket: '/var/run/mysqld/mysqld.sock'  port: 3306  MySQL Community Server (GPL)
2019-05-23T15:25:56.985242Z 0 [Note] InnoDB: Buffer pool(s) load completed at 190523 15:25:56
2019-05-23T18:28:33.769740Z 0 [Warning] TIMESTAMP with implicit DEFAULT value is deprecated. Please use --explicit_defaults_for_timestamp server option (see documentation for more details).
2019-05-23T18:28:33.775914Z 0 [Note] /usr/sbin/mysqld (mysqld 5.7.23) starting as process 72 ...
2019-05-23T18:28:33.818116Z 0 [Note] InnoDB: PUNCH HOLE support available
2019-05-23T18:28:33.818153Z 0 [Note] InnoDB: Mutexes and rw_locks use GCC atomic builtins
2019-05-23T18:28:33.818163Z 0 [Note] InnoDB: Uses event mutexes
2019-05-23T18:28:33.818166Z 0 [Note] InnoDB: GCC builtin __atomic_thread_fence() is used for memory barrier
2019-05-23T18:28:33.818169Z 0 [Note] InnoDB: Compressed tables use zlib 1.2.3
2019-05-23T18:28:33.818172Z 0 [Note] InnoDB: Using Linux native AIO
2019-05-23T18:28:33.821451Z 0 [Note] InnoDB: Number of pools: 1
2019-05-23T18:28:33.827119Z 0 [Note] InnoDB: Using CPU crc32 instructions
2019-05-23T18:28:33.830098Z 0 [Note] InnoDB: Initializing buffer pool, total size = 32M, instances = 1, chunk size = 32M
2019-05-23T18:28:33.834104Z 0 [Note] InnoDB: Completed initialization of buffer pool
2019-05-23T18:28:33.844787Z 0 [Note] InnoDB: If the mysqld execution user is authorized, page cleaner thread priority can be changed. See the man page of setpriority().
2019-05-23T18:28:33.861357Z 0 [Note] InnoDB: Highest supported file format is Barracuda.
2019-05-23T18:28:33.864354Z 0 [Note] InnoDB: Log scan progressed past the checkpoint lsn 5556276
2019-05-23T18:28:33.864377Z 0 [Note] InnoDB: Doing recovery: scanned up to log sequence number 5556285
2019-05-23T18:28:33.864381Z 0 [Note] InnoDB: Database was not shutdown normally!
2019-05-23T18:28:33.864384Z 0 [Note] InnoDB: Starting crash recovery.
2019-05-23T18:28:34.103315Z 0 [Note] InnoDB: Removed temporary tablespace data file: "ibtmp1"
2019-05-23T18:28:34.103558Z 0 [Note] InnoDB: Creating shared tablespace for temporary tables
2019-05-23T18:28:34.103787Z 0 [Note] InnoDB: Setting file './ibtmp1' size to 12 MB. Physically writing the file full; Please wait ...
2019-05-23T18:28:34.194625Z 0 [Note] InnoDB: File './ibtmp1' size is now 12 MB.
2019-05-23T18:28:34.197296Z 0 [Note] InnoDB: 96 redo rollback segment(s) found. 96 redo rollback segment(s) are active.
2019-05-23T18:28:34.197323Z 0 [Note] InnoDB: 32 non-redo rollback segment(s) are active.
2019-05-23T18:28:34.200324Z 0 [Note] InnoDB: Waiting for purge to start
2019-05-23T18:28:34.250548Z 0 [Note] InnoDB: 5.7.23 started; log sequence number 5556285
2019-05-23T18:28:34.251710Z 0 [Note] Plugin 'FEDERATED' is disabled.
2019-05-23T18:28:34.253567Z 0 [Note] InnoDB: Loading buffer pool(s) from /var/lib/mysql/ib_buffer_pool
2019-05-23T18:28:34.283657Z 0 [Note] InnoDB: Buffer pool(s) load completed at 190523 18:28:34
2019-05-23T18:28:34.290057Z 0 [Warning] Failed to set up SSL because of the following SSL library error: SSL context is not usable without certificate and private key
2019-05-23T18:28:34.290079Z 0 [Note] Server hostname (bind-address): '*'; port: 3306
2019-05-23T18:28:34.290313Z 0 [Note] IPv6 is available.
2019-05-23T18:28:34.290804Z 0 [Note]   - '::' resolves to '::';
2019-05-23T18:28:34.290820Z 0 [Note] Server socket created on IP: '::'.
2019-05-23T18:28:34.297069Z 0 [Warning] 'user' entry 'root@localhost' ignored in --skip-name-resolve mode.
2019-05-23T18:28:34.297124Z 0 [Warning] 'user' entry 'mysql.session@localhost' ignored in --skip-name-resolve mode.
2019-05-23T18:28:34.297139Z 0 [Warning] 'user' entry 'mysql.sys@localhost' ignored in --skip-name-resolve mode.
2019-05-23T18:28:34.297764Z 0 [Warning] 'db' entry 'performance_schema mysql.session@localhost' ignored in --skip-name-resolve mode.
2019-05-23T18:28:34.297781Z 0 [Warning] 'db' entry 'sys mysql.sys@localhost' ignored in --skip-name-resolve mode.
2019-05-23T18:28:34.298159Z 0 [Warning] 'proxies_priv' entry '@ root@localhost' ignored in --skip-name-resolve mode.
2019-05-23T18:28:34.304509Z 0 [Warning] 'tables_priv' entry 'user mysql.session@localhost' ignored in --skip-name-resolve mode.
2019-05-23T18:28:34.304533Z 0 [Warning] 'tables_priv' entry 'sys_config mysql.sys@localhost' ignored in --skip-name-resolve mode.
2019-05-23T18:28:34.356424Z 0 [Note] Event Scheduler: Loaded 0 events
2019-05-23T18:28:34.364773Z 0 [Note] /usr/sbin/mysqld: ready for connections.
Version: '5.7.23'  socket: '/var/run/mysqld/mysqld.sock'  port: 3306  MySQL Community Server (GPL)
2019-05-23T19:30:44.736488Z 0 [Note] InnoDB: page_cleaner: 1000ms intended loop took 563448ms. The settings might not be optimal. (flushed=0 and evicted=0, during the time.)
2019-05-23T20:26:52.200439Z 0 [Note] InnoDB: page_cleaner: 1000ms intended loop took 2766308ms. The settings might not be optimal. (flushed=0 and evicted=0, during the time.)
