[21-May-2019 19:14:53 UTC] PHP Warning:  get_headers() expects at least 1 parameter, 0 given in /app/public/wp-content/themes/JSbaidwan/index.php on line 1
[21-May-2019 19:15:55 UTC] PHP Warning:  get_headers() expects at least 1 parameter, 0 given in /app/public/wp-content/themes/JSbaidwan/index.php on line 1
[21-May-2019 19:15:59 UTC] PHP Warning:  get_headers() expects at least 1 parameter, 0 given in /app/public/wp-content/themes/JSbaidwan/index.php on line 1
[21-May-2019 19:16:11 UTC] PHP Warning:  get_headers() expects at least 1 parameter, 0 given in /app/public/wp-content/themes/JSbaidwan/index.php on line 1
[21-May-2019 19:58:10 UTC] PHP Warning:  Use of undefined constant all - assumed 'all' (this will throw an Error in a future version of PHP) in /app/public/wp-content/themes/JSbaidwan/functions.php on line 9
[21-May-2019 19:59:00 UTC] PHP Warning:  Use of undefined constant all - assumed 'all' (this will throw an Error in a future version of PHP) in /app/public/wp-content/themes/JSbaidwan/functions.php on line 9
[21-May-2019 20:15:26 UTC] PHP Warning:  call_user_func_array() expects parameter 1 to be a valid callback, function 'git_init' not found or invalid function name in /app/public/wp-includes/class-wp-hook.php on line 286
[21-May-2019 20:15:26 UTC] PHP Warning:  call_user_func_array() expects parameter 1 to be a valid callback, function 'git_init' not found or invalid function name in /app/public/wp-includes/class-wp-hook.php on line 286
[21-May-2019 20:15:33 UTC] PHP Warning:  call_user_func_array() expects parameter 1 to be a valid callback, function 'git_init' not found or invalid function name in /app/public/wp-includes/class-wp-hook.php on line 286
[21-May-2019 20:15:33 UTC] PHP Warning:  call_user_func_array() expects parameter 1 to be a valid callback, function 'git_init' not found or invalid function name in /app/public/wp-includes/class-wp-hook.php on line 286
[21-May-2019 20:15:33 UTC] PHP Warning:  call_user_func_array() expects parameter 1 to be a valid callback, function 'git_init' not found or invalid function name in /app/public/wp-includes/class-wp-hook.php on line 286
[21-May-2019 20:15:34 UTC] PHP Warning:  call_user_func_array() expects parameter 1 to be a valid callback, function 'git_init' not found or invalid function name in /app/public/wp-includes/class-wp-hook.php on line 286
[21-May-2019 20:15:34 UTC] PHP Warning:  call_user_func_array() expects parameter 1 to be a valid callback, function 'git_init' not found or invalid function name in /app/public/wp-includes/class-wp-hook.php on line 286
[21-May-2019 20:15:34 UTC] PHP Warning:  call_user_func_array() expects parameter 1 to be a valid callback, function 'git_init' not found or invalid function name in /app/public/wp-includes/class-wp-hook.php on line 286
[21-May-2019 20:15:34 UTC] PHP Warning:  call_user_func_array() expects parameter 1 to be a valid callback, function 'git_init' not found or invalid function name in /app/public/wp-includes/class-wp-hook.php on line 286
[21-May-2019 20:15:39 UTC] PHP Warning:  call_user_func_array() expects parameter 1 to be a valid callback, function 'git_init' not found or invalid function name in /app/public/wp-includes/class-wp-hook.php on line 286
[21-May-2019 20:15:39 UTC] PHP Warning:  call_user_func_array() expects parameter 1 to be a valid callback, function 'git_init' not found or invalid function name in /app/public/wp-includes/class-wp-hook.php on line 286
[21-May-2019 20:15:39 UTC] PHP Warning:  call_user_func_array() expects parameter 1 to be a valid callback, function 'git_init' not found or invalid function name in /app/public/wp-includes/class-wp-hook.php on line 286
[21-May-2019 20:15:39 UTC] PHP Warning:  call_user_func_array() expects parameter 1 to be a valid callback, function 'git_init' not found or invalid function name in /app/public/wp-includes/class-wp-hook.php on line 286
[21-May-2019 20:15:39 UTC] PHP Warning:  call_user_func_array() expects parameter 1 to be a valid callback, function 'git_init' not found or invalid function name in /app/public/wp-includes/class-wp-hook.php on line 286
[21-May-2019 20:15:39 UTC] PHP Warning:  call_user_func_array() expects parameter 1 to be a valid callback, function 'git_init' not found or invalid function name in /app/public/wp-includes/class-wp-hook.php on line 286
[21-May-2019 20:15:39 UTC] PHP Warning:  call_user_func_array() expects parameter 1 to be a valid callback, function 'git_init' not found or invalid function name in /app/public/wp-includes/class-wp-hook.php on line 286
[21-May-2019 20:15:40 UTC] PHP Warning:  call_user_func_array() expects parameter 1 to be a valid callback, function 'git_init' not found or invalid function name in /app/public/wp-includes/class-wp-hook.php on line 286
[21-May-2019 20:15:47 UTC] PHP Warning:  call_user_func_array() expects parameter 1 to be a valid callback, function 'git_init' not found or invalid function name in /app/public/wp-includes/class-wp-hook.php on line 286
[21-May-2019 20:15:47 UTC] PHP Warning:  call_user_func_array() expects parameter 1 to be a valid callback, function 'git_init' not found or invalid function name in /app/public/wp-includes/class-wp-hook.php on line 286
[21-May-2019 20:15:47 UTC] PHP Warning:  call_user_func_array() expects parameter 1 to be a valid callback, function 'git_init' not found or invalid function name in /app/public/wp-includes/class-wp-hook.php on line 286
[21-May-2019 20:15:47 UTC] PHP Warning:  call_user_func_array() expects parameter 1 to be a valid callback, function 'git_init' not found or invalid function name in /app/public/wp-includes/class-wp-hook.php on line 286
[21-May-2019 20:15:47 UTC] PHP Warning:  call_user_func_array() expects parameter 1 to be a valid callback, function 'git_init' not found or invalid function name in /app/public/wp-includes/class-wp-hook.php on line 286
[21-May-2019 20:15:47 UTC] PHP Warning:  call_user_func_array() expects parameter 1 to be a valid callback, function 'git_init' not found or invalid function name in /app/public/wp-includes/class-wp-hook.php on line 286
[21-May-2019 20:15:47 UTC] PHP Warning:  call_user_func_array() expects parameter 1 to be a valid callback, function 'git_init' not found or invalid function name in /app/public/wp-includes/class-wp-hook.php on line 286
[21-May-2019 20:15:48 UTC] PHP Warning:  call_user_func_array() expects parameter 1 to be a valid callback, function 'git_init' not found or invalid function name in /app/public/wp-includes/class-wp-hook.php on line 286
[21-May-2019 20:15:51 UTC] PHP Warning:  call_user_func_array() expects parameter 1 to be a valid callback, function 'git_init' not found or invalid function name in /app/public/wp-includes/class-wp-hook.php on line 286
[21-May-2019 20:15:55 UTC] PHP Warning:  call_user_func_array() expects parameter 1 to be a valid callback, function 'git_init' not found or invalid function name in /app/public/wp-includes/class-wp-hook.php on line 286
[21-May-2019 20:15:55 UTC] PHP Warning:  call_user_func_array() expects parameter 1 to be a valid callback, function 'git_init' not found or invalid function name in /app/public/wp-includes/class-wp-hook.php on line 286
[21-May-2019 20:15:55 UTC] PHP Warning:  call_user_func_array() expects parameter 1 to be a valid callback, function 'git_init' not found or invalid function name in /app/public/wp-includes/class-wp-hook.php on line 286
[21-May-2019 20:15:55 UTC] PHP Warning:  call_user_func_array() expects parameter 1 to be a valid callback, function 'git_init' not found or invalid function name in /app/public/wp-includes/class-wp-hook.php on line 286
[21-May-2019 20:15:55 UTC] PHP Warning:  call_user_func_array() expects parameter 1 to be a valid callback, function 'git_init' not found or invalid function name in /app/public/wp-includes/class-wp-hook.php on line 286
[21-May-2019 20:15:55 UTC] PHP Warning:  call_user_func_array() expects parameter 1 to be a valid callback, function 'git_init' not found or invalid function name in /app/public/wp-includes/class-wp-hook.php on line 286
[21-May-2019 20:15:56 UTC] PHP Warning:  call_user_func_array() expects parameter 1 to be a valid callback, function 'git_init' not found or invalid function name in /app/public/wp-includes/class-wp-hook.php on line 286
[21-May-2019 20:16:48 UTC] PHP Warning:  call_user_func_array() expects parameter 1 to be a valid callback, function 'git_init' not found or invalid function name in /app/public/wp-includes/class-wp-hook.php on line 286
[21-May-2019 20:16:57 UTC] PHP Warning:  call_user_func_array() expects parameter 1 to be a valid callback, function 'git_init' not found or invalid function name in /app/public/wp-includes/class-wp-hook.php on line 286
[21-May-2019 20:20:21 UTC] PHP Warning:  Use of undefined constant all - assumed 'all' (this will throw an Error in a future version of PHP) in /app/public/wp-content/themes/JSbaidwan/functions.php on line 9
[21-May-2019 20:22:39 UTC] PHP Warning:  Use of undefined constant all - assumed 'all' (this will throw an Error in a future version of PHP) in /app/public/wp-content/themes/JSbaidwan/functions.php on line 9
[21-May-2019 20:22:53 UTC] PHP Warning:  Use of undefined constant all - assumed 'all' (this will throw an Error in a future version of PHP) in /app/public/wp-content/themes/JSbaidwan/functions.php on line 9
[21-May-2019 20:22:56 UTC] PHP Warning:  Use of undefined constant all - assumed 'all' (this will throw an Error in a future version of PHP) in /app/public/wp-content/themes/JSbaidwan/functions.php on line 9
[21-May-2019 20:23:40 UTC] PHP Warning:  Use of undefined constant all - assumed 'all' (this will throw an Error in a future version of PHP) in /app/public/wp-content/themes/JSbaidwan/functions.php on line 9
[21-May-2019 20:23:55 UTC] PHP Warning:  Use of undefined constant all - assumed 'all' (this will throw an Error in a future version of PHP) in /app/public/wp-content/themes/JSbaidwan/functions.php on line 9
[21-May-2019 20:25:33 UTC] PHP Warning:  Use of undefined constant all - assumed 'all' (this will throw an Error in a future version of PHP) in /app/public/wp-content/themes/JSbaidwan/functions.php on line 9
[21-May-2019 20:26:01 UTC] PHP Warning:  Use of undefined constant all - assumed 'all' (this will throw an Error in a future version of PHP) in /app/public/wp-content/themes/JSbaidwan/functions.php on line 9
[21-May-2019 20:26:05 UTC] PHP Warning:  Use of undefined constant all - assumed 'all' (this will throw an Error in a future version of PHP) in /app/public/wp-content/themes/JSbaidwan/functions.php on line 9
[21-May-2019 20:49:27 UTC] PHP Parse error:  syntax error, unexpected ''public'' (T_CONSTANT_ENCAPSED_STRING), expecting ')' in /app/public/wp-content/themes/JSbaidwan/functions.php on line 40
[21-May-2019 20:49:30 UTC] PHP Parse error:  syntax error, unexpected ''public'' (T_CONSTANT_ENCAPSED_STRING), expecting ')' in /app/public/wp-content/themes/JSbaidwan/functions.php on line 40
[21-May-2019 20:49:43 UTC] PHP Parse error:  syntax error, unexpected ''public'' (T_CONSTANT_ENCAPSED_STRING), expecting ')' in /app/public/wp-content/themes/JSbaidwan/functions.php on line 40
[23-May-2019 18:28:42 UTC] PHP Warning:  An unexpected error occurred. Something may be wrong with WordPress.org or this server&#8217;s configuration. If you continue to have problems, please try the <a href="https://wordpress.org/support/">support forums</a>. (WordPress could not establish a secure connection to WordPress.org. Please contact your server administrator.) in /app/public/wp-includes/update.php on line 160
[23-May-2019 18:28:49 UTC] PHP Warning:  An unexpected error occurred. Something may be wrong with WordPress.org or this server&#8217;s configuration. If you continue to have problems, please try the <a href="https://wordpress.org/support/">support forums</a>. (WordPress could not establish a secure connection to WordPress.org. Please contact your server administrator.) in /app/public/wp-includes/update.php on line 384
[23-May-2019 18:29:11 UTC] PHP Warning:  An unexpected error occurred. Something may be wrong with WordPress.org or this server&#8217;s configuration. If you continue to have problems, please try the <a href="https://wordpress.org/support/">support forums</a>. (WordPress could not establish a secure connection to WordPress.org. Please contact your server administrator.) in /app/public/wp-includes/update.php on line 569
