2019-05-21 17:25:24,580 CRIT Supervisor running as root (no user in config file)
2019-05-21 17:25:24,581 INFO Included extra file "/etc/supervisor/conf.d/supervisord.conf" during parsing
2019-05-21 17:25:24,615 INFO RPC interface 'supervisor' initialized
2019-05-21 17:25:24,616 CRIT Server 'unix_http_server' running without any HTTP authentication checking
2019-05-21 17:25:24,616 INFO supervisord started with pid 1
2019-05-21 17:25:25,635 INFO spawned: 'varnishd' with pid 16
2019-05-21 17:25:25,644 INFO spawned: 'php-fpm' with pid 17
2019-05-21 17:25:25,678 INFO spawned: 'varnish-plugins-watcher' with pid 18
2019-05-21 17:25:25,853 INFO spawned: 'nginx' with pid 19
2019-05-21 17:25:25,883 INFO spawned: 'MailHog' with pid 20
2019-05-21 17:25:25,992 INFO spawned: 'mysql' with pid 21
2019-05-21 17:25:26,020 INFO spawned: 'varnish-themes-watcher' with pid 22
2019-05-21 17:25:27,133 INFO success: varnishd entered RUNNING state, process has stayed up for > than 1 seconds (startsecs)
2019-05-21 17:25:27,133 INFO success: php-fpm entered RUNNING state, process has stayed up for > than 1 seconds (startsecs)
2019-05-21 17:25:27,134 INFO success: varnish-plugins-watcher entered RUNNING state, process has stayed up for > than 1 seconds (startsecs)
2019-05-21 17:25:27,134 INFO success: nginx entered RUNNING state, process has stayed up for > than 1 seconds (startsecs)
2019-05-21 17:25:27,135 INFO success: MailHog entered RUNNING state, process has stayed up for > than 1 seconds (startsecs)
2019-05-21 17:25:27,135 INFO success: mysql entered RUNNING state, process has stayed up for > than 1 seconds (startsecs)
2019-05-21 17:25:27,135 INFO success: varnish-themes-watcher entered RUNNING state, process has stayed up for > than 1 seconds (startsecs)
2019-05-21 17:30:44,556 WARN received SIGTERM indicating exit request
2019-05-21 17:30:44,560 INFO waiting for varnishd, php-fpm, varnish-plugins-watcher, nginx, MailHog, mysql, varnish-themes-watcher to die
2019-05-21 17:30:45,575 INFO stopped: varnish-themes-watcher (terminated by SIGTERM)
2019-05-21 17:30:45,596 INFO stopped: mysql (exit status 0)
2019-05-21 17:30:45,597 INFO stopped: MailHog (terminated by SIGTERM)
2019-05-21 17:30:45,601 INFO stopped: nginx (exit status 0)
2019-05-21 17:30:46,564 INFO stopped: varnish-plugins-watcher (terminated by SIGTERM)
2019-05-21 17:30:46,565 INFO reaped unknown pid 770
2019-05-21 17:30:46,583 INFO stopped: php-fpm (exit status 0)
2019-05-21 17:30:46,611 INFO reaped unknown pid 772
2019-05-21 17:30:46,624 INFO reaped unknown pid 31
2019-05-21 17:30:47,592 INFO waiting for varnishd to die
2019-05-21 17:30:47,777 INFO stopped: varnishd (exit status 0)
2019-05-21 18:04:01,573 CRIT Supervisor running as root (no user in config file)
2019-05-21 18:04:01,575 INFO Included extra file "/etc/supervisor/conf.d/supervisord.conf" during parsing
2019-05-21 18:04:01,660 INFO RPC interface 'supervisor' initialized
2019-05-21 18:04:01,662 CRIT Server 'unix_http_server' running without any HTTP authentication checking
2019-05-21 18:04:01,665 INFO supervisord started with pid 1
2019-05-21 18:04:02,673 INFO spawned: 'varnishd' with pid 58
2019-05-21 18:04:02,679 INFO spawned: 'php-fpm' with pid 59
2019-05-21 18:04:02,705 INFO spawned: 'varnish-plugins-watcher' with pid 60
2019-05-21 18:04:02,739 INFO spawned: 'nginx' with pid 61
2019-05-21 18:04:02,777 INFO spawned: 'MailHog' with pid 62
2019-05-21 18:04:02,821 INFO spawned: 'mysql' with pid 65
2019-05-21 18:04:02,877 INFO spawned: 'varnish-themes-watcher' with pid 67
2019-05-21 18:04:04,075 INFO success: varnishd entered RUNNING state, process has stayed up for > than 1 seconds (startsecs)
2019-05-21 18:04:04,075 INFO success: php-fpm entered RUNNING state, process has stayed up for > than 1 seconds (startsecs)
2019-05-21 18:04:04,076 INFO success: varnish-plugins-watcher entered RUNNING state, process has stayed up for > than 1 seconds (startsecs)
2019-05-21 18:04:04,076 INFO success: nginx entered RUNNING state, process has stayed up for > than 1 seconds (startsecs)
2019-05-21 18:04:04,076 INFO success: MailHog entered RUNNING state, process has stayed up for > than 1 seconds (startsecs)
2019-05-21 18:04:04,076 INFO success: mysql entered RUNNING state, process has stayed up for > than 1 seconds (startsecs)
2019-05-21 18:04:04,076 INFO success: varnish-themes-watcher entered RUNNING state, process has stayed up for > than 1 seconds (startsecs)
2019-05-21 18:39:05,988 WARN received SIGTERM indicating exit request
2019-05-21 18:39:05,989 INFO waiting for varnishd, php-fpm, varnish-plugins-watcher, nginx, MailHog, mysql, varnish-themes-watcher to die
2019-05-21 18:39:06,992 INFO stopped: varnish-themes-watcher (terminated by SIGTERM)
2019-05-21 18:39:07,012 INFO stopped: mysql (exit status 0)
2019-05-21 18:39:07,014 INFO stopped: MailHog (terminated by SIGTERM)
2019-05-21 18:39:07,018 INFO stopped: nginx (exit status 0)
2019-05-21 18:39:08,020 INFO stopped: varnish-plugins-watcher (terminated by SIGTERM)
2019-05-21 18:39:08,031 INFO stopped: php-fpm (exit status 0)
2019-05-21 18:39:08,372 INFO reaped unknown pid 80
2019-05-21 18:39:08,520 INFO reaped unknown pid 2007
2019-05-21 18:39:08,606 INFO reaped unknown pid 2009
2019-05-21 18:39:09,042 INFO waiting for varnishd to die
2019-05-21 18:39:09,392 INFO stopped: varnishd (exit status 0)
2019-05-21 18:39:19,039 CRIT Supervisor running as root (no user in config file)
2019-05-21 18:39:19,041 INFO Included extra file "/etc/supervisor/conf.d/supervisord.conf" during parsing
2019-05-21 18:39:19,182 INFO RPC interface 'supervisor' initialized
2019-05-21 18:39:19,182 CRIT Server 'unix_http_server' running without any HTTP authentication checking
2019-05-21 18:39:19,182 INFO supervisord started with pid 1
2019-05-21 18:39:20,193 INFO spawned: 'varnishd' with pid 54
2019-05-21 18:39:20,210 INFO spawned: 'php-fpm' with pid 56
2019-05-21 18:39:20,222 INFO spawned: 'varnish-plugins-watcher' with pid 57
2019-05-21 18:39:20,243 INFO spawned: 'nginx' with pid 58
2019-05-21 18:39:20,288 INFO spawned: 'MailHog' with pid 59
2019-05-21 18:39:20,310 INFO spawned: 'mysql' with pid 60
2019-05-21 18:39:20,360 INFO spawned: 'varnish-themes-watcher' with pid 62
2019-05-21 18:39:21,574 INFO success: varnishd entered RUNNING state, process has stayed up for > than 1 seconds (startsecs)
2019-05-21 18:39:21,574 INFO success: php-fpm entered RUNNING state, process has stayed up for > than 1 seconds (startsecs)
2019-05-21 18:39:21,574 INFO success: varnish-plugins-watcher entered RUNNING state, process has stayed up for > than 1 seconds (startsecs)
2019-05-21 18:39:21,574 INFO success: nginx entered RUNNING state, process has stayed up for > than 1 seconds (startsecs)
2019-05-21 18:39:21,574 INFO success: MailHog entered RUNNING state, process has stayed up for > than 1 seconds (startsecs)
2019-05-21 18:39:21,574 INFO success: mysql entered RUNNING state, process has stayed up for > than 1 seconds (startsecs)
2019-05-21 18:39:21,575 INFO success: varnish-themes-watcher entered RUNNING state, process has stayed up for > than 1 seconds (startsecs)
2019-05-21 19:48:08,352 WARN received SIGTERM indicating exit request
2019-05-21 19:48:08,353 INFO waiting for varnishd, php-fpm, varnish-plugins-watcher, nginx, MailHog, mysql, varnish-themes-watcher to die
2019-05-21 19:48:08,353 INFO stopped: varnish-themes-watcher (terminated by SIGTERM)
2019-05-21 19:48:08,367 INFO reaped unknown pid 3658
2019-05-21 19:48:08,392 INFO stopped: mysql (exit status 0)
2019-05-21 19:48:08,394 INFO stopped: MailHog (terminated by SIGTERM)
2019-05-21 19:48:08,401 INFO stopped: nginx (exit status 0)
2019-05-21 19:48:09,403 INFO stopped: varnish-plugins-watcher (terminated by SIGTERM)
2019-05-21 19:48:09,419 INFO stopped: php-fpm (exit status 0)
2019-05-21 19:48:09,744 INFO reaped unknown pid 76
2019-05-21 19:48:10,643 INFO stopped: varnishd (exit status 0)
2019-05-21 19:48:16,671 CRIT Supervisor running as root (no user in config file)
2019-05-21 19:48:16,673 INFO Included extra file "/etc/supervisor/conf.d/supervisord.conf" during parsing
2019-05-21 19:48:16,790 INFO RPC interface 'supervisor' initialized
2019-05-21 19:48:16,793 CRIT Server 'unix_http_server' running without any HTTP authentication checking
2019-05-21 19:48:16,794 INFO supervisord started with pid 1
2019-05-21 19:48:17,798 INFO spawned: 'varnishd' with pid 55
2019-05-21 19:48:17,805 INFO spawned: 'php-fpm' with pid 56
2019-05-21 19:48:17,814 INFO spawned: 'varnish-plugins-watcher' with pid 57
2019-05-21 19:48:17,832 INFO spawned: 'nginx' with pid 58
2019-05-21 19:48:17,847 INFO spawned: 'MailHog' with pid 59
2019-05-21 19:48:17,878 INFO spawned: 'mysql' with pid 60
2019-05-21 19:48:17,900 INFO spawned: 'varnish-themes-watcher' with pid 64
2019-05-21 19:48:19,015 INFO success: varnishd entered RUNNING state, process has stayed up for > than 1 seconds (startsecs)
2019-05-21 19:48:19,015 INFO success: php-fpm entered RUNNING state, process has stayed up for > than 1 seconds (startsecs)
2019-05-21 19:48:19,015 INFO success: varnish-plugins-watcher entered RUNNING state, process has stayed up for > than 1 seconds (startsecs)
2019-05-21 19:48:19,015 INFO success: nginx entered RUNNING state, process has stayed up for > than 1 seconds (startsecs)
2019-05-21 19:48:19,016 INFO success: MailHog entered RUNNING state, process has stayed up for > than 1 seconds (startsecs)
2019-05-21 19:48:19,016 INFO success: mysql entered RUNNING state, process has stayed up for > than 1 seconds (startsecs)
2019-05-21 19:48:19,016 INFO success: varnish-themes-watcher entered RUNNING state, process has stayed up for > than 1 seconds (startsecs)
